Arguments: 
  D:\GZYJ\nodejs\node.exe D:\GZYJ\yarn\bin\yarn.js global add typescript

PATH: 
  D:\GZYJ\Git\mingw64\bin;D:\GZYJ\Git\usr\bin;C:\Users\Ting\bin;C:\Program Files (x86)\NetSarang\Xshell 6;C:\Program Files (x86)\Common Files\Intel\Shared Libraries\redist\intel64\compiler;C:\WINDOWS\system32;C:\WINDOWS;C:\WINDOWS\System32\Wbem;C:\WINDOWS\System32\WindowsPowerShell\v1.0;C:\WINDOWS\System32\OpenSSH;C:\Program Files\Intel\WiFi\bin;C:\Program Files\Common Files\Intel\WirelessCommon;D:\GZYJ\nodejs;D:\GZYJ\Git\cmd;C:\Program Files (x86)\Microsoft SQL Server\100\Tools\Binn;C:\Program Files\Microsoft SQL Server\100\Tools\Binn;C:\Program Files\Microsoft SQL Server\100\DTS\Binn;C:\Program Files (x86)\Microsoft SQL Server\100\Tools\Binn\VSShell\Common7\IDE;C:\Program Files (x86)\Microsoft Visual Studio 9.0\Common7\IDE\PrivateAssemblies;C:\Program Files (x86)\Microsoft SQL Server\100\DTS\Binn;D:\GZYJ\yarn\bin;D:\GZYJ\cmder;D:\GZWJ\phpstudy_pro\Extensions\php\php7.3.4nts;C:\ProgramData\ComposerSetup\bin;C:\Users\Ting\AppData\Local\Microsoft\WindowsApps;D:\GZYJ\IDEA\IntelliJ IDEA 2019.3.3\bin;D:\GZYJ\WebStorm 2020.3.2\bin;D:\GZYJ\Microsoft VS Code\bin;C:\Users\Ting\AppData\Roaming\npm;C:\Users\Ting\AppData\Local\Yarn\bin;C:\Users\Ting\AppData\Roaming\Microsoft\Windows\Start Menu\Programs\Visual Studio Code;D:\GZYJ\PhpStorm\bin;C:\Users\Ting\AppData\Roaming\Composer\vendor\bin

Yarn version: 
  1.22.5

Node version: 
  12.16.1

Platform: 
  win32 x64

Trace: 
  SyntaxError: D:\GZWJ\Web\node-exercise\fanyi\package.json: Unexpected token s in JSON at position 86
      at JSON.parse (<anonymous>)
      at D:\GZYJ\yarn\lib\cli.js:1625:59
      at Generator.next (<anonymous>)
      at step (D:\GZYJ\yarn\lib\cli.js:310:30)
      at D:\GZYJ\yarn\lib\cli.js:321:13

npm manifest: 
  {
    "name": "fanyi",
    "version": "0.0.1",
    "main": "index.js",
    "bin": {
      "fy": src/cli.ts
    },
    "scripts": {
      "starts": "ts-node-dev src/main.ts"
    },
    "license": "MIT",
    "dependencies": {
      "commander": "^7.1.0",
      "md5": "^2.3.0"
    },
    "devDependencies": {
      "@types/md5": "^2.3.0",
      "@types/node": "^14.14.31"
    }
  }

yarn manifest: 
  No manifest

Lockfile: 
  # THIS IS AN AUTOGENERATED FILE. DO NOT EDIT THIS FILE DIRECTLY.
  # yarn lockfile v1
  
  
  "@types/md5@^2.3.0":
    version "2.3.0"
    resolved "https://registry.npm.taobao.org/@types/md5/download/@types/md5-2.3.0.tgz#3b6a623091160f4dc75be3173e25f2110dc3fa1f"
    integrity sha1-O2piMJEWD03HW+MXPiXyEQ3D+h8=
    dependencies:
      "@types/node" "*"
  
  "@types/node@*", "@types/node@^14.14.31":
    version "14.14.31"
    resolved "https://registry.npm.taobao.org/@types/node/download/@types/node-14.14.31.tgz?cache=0&sync_timestamp=1613757896289&other_urls=https%3A%2F%2Fregistry.npm.taobao.org%2F%40types%2Fnode%2Fdownload%2F%40types%2Fnode-14.14.31.tgz#72286bd33d137aa0d152d47ec7c1762563d34055"
    integrity sha1-cihr0z0TeqDRUtR+x8F2JWPTQFU=
  
  charenc@0.0.2:
    version "0.0.2"
    resolved "https://registry.npm.taobao.org/charenc/download/charenc-0.0.2.tgz#c0a1d2f3a7092e03774bfa83f14c0fc5790a8667"
    integrity sha1-wKHS86cJLgN3S/qD8UwPxXkKhmc=
  
  commander@^7.1.0:
    version "7.1.0"
    resolved "https://registry.npm.taobao.org/commander/download/commander-7.1.0.tgz?cache=0&sync_timestamp=1613374024216&other_urls=https%3A%2F%2Fregistry.npm.taobao.org%2Fcommander%2Fdownload%2Fcommander-7.1.0.tgz#f2eaecf131f10e36e07d894698226e36ae0eb5ff"
    integrity sha1-8urs8THxDjbgfYlGmCJuNq4Otf8=
  
  crypt@0.0.2:
    version "0.0.2"
    resolved "https://registry.npm.taobao.org/crypt/download/crypt-0.0.2.tgz#88d7ff7ec0dfb86f713dc87bbb42d044d3e6c41b"
    integrity sha1-iNf/fsDfuG9xPch7u0LQRNPmxBs=
  
  is-buffer@~1.1.6:
    version "1.1.6"
    resolved "https://registry.npm.taobao.org/is-buffer/download/is-buffer-1.1.6.tgz?cache=0&sync_timestamp=1604429452232&other_urls=https%3A%2F%2Fregistry.npm.taobao.org%2Fis-buffer%2Fdownload%2Fis-buffer-1.1.6.tgz#efaa2ea9daa0d7ab2ea13a97b2b8ad51fefbe8be"
    integrity sha1-76ouqdqg16suoTqXsritUf776L4=
  
  md5@^2.3.0:
    version "2.3.0"
    resolved "https://registry.npm.taobao.org/md5/download/md5-2.3.0.tgz#c3da9a6aae3a30b46b7b0c349b87b110dc3bda4f"
    integrity sha1-w9qaaq46MLRreww0m4exENw72k8=
    dependencies:
      charenc "0.0.2"
      crypt "0.0.2"
      is-buffer "~1.1.6"
