Arguments: 
  D:\GZYJ\nodejs\node.exe D:\GZYJ\yarn\bin\yarn.js init

PATH: 
  D:\GZYJ\Git\mingw64\bin;D:\GZYJ\Git\usr\bin;C:\Users\Ting\bin;C:\Program Files (x86)\NetSarang\Xshell 6;C:\Program Files (x86)\Common Files\Intel\Shared Libraries\redist\intel64\compiler;C:\WINDOWS\system32;C:\WINDOWS;C:\WINDOWS\System32\Wbem;C:\WINDOWS\System32\WindowsPowerShell\v1.0;C:\WINDOWS\System32\OpenSSH;C:\Program Files\Intel\WiFi\bin;C:\Program Files\Common Files\Intel\WirelessCommon;D:\GZYJ\nodejs;D:\GZYJ\Git\cmd;C:\Program Files (x86)\Microsoft SQL Server\100\Tools\Binn;C:\Program Files\Microsoft SQL Server\100\Tools\Binn;C:\Program Files\Microsoft SQL Server\100\DTS\Binn;C:\Program Files (x86)\Microsoft SQL Server\100\Tools\Binn\VSShell\Common7\IDE;C:\Program Files (x86)\Microsoft Visual Studio 9.0\Common7\IDE\PrivateAssemblies;C:\Program Files (x86)\Microsoft SQL Server\100\DTS\Binn;D:\GZYJ\yarn\bin;D:\GZYJ\cmder;D:\GZWJ\phpstudy_pro\Extensions\php\php7.3.4nts;C:\ProgramData\ComposerSetup\bin;D:\TINGSQL\MongDb\bin;C:\Users\Ting\AppData\Local\Microsoft\WindowsApps;D:\GZYJ\IDEA\IntelliJ IDEA 2019.3.3\bin;D:\GZYJ\WebStorm 2020.3.2\bin;D:\GZYJ\Microsoft VS Code\bin;C:\Users\Ting\AppData\Roaming\npm;C:\Users\Ting\AppData\Local\Yarn\bin;C:\Users\Ting\AppData\Roaming\Microsoft\Windows\Start Menu\Programs\Visual Studio Code;D:\GZYJ\PhpStorm\bin;C:\Users\Ting\AppData\Roaming\Composer\vendor\bin

Yarn version: 
  1.22.5

Node version: 
  12.16.1

Platform: 
  win32 x64

Trace: 
  Error: canceled
      at Interface.<anonymous> (D:\GZYJ\yarn\lib\cli.js:137009:13)
      at Interface.emit (events.js:311:20)
      at Interface._ttyWrite (readline.js:893:16)
      at ReadStream.onkeypress (readline.js:198:10)
      at ReadStream.emit (events.js:311:20)
      at emitKeys (internal/readline/utils.js:438:14)
      at emitKeys.next (<anonymous>)
      at ReadStream.onData (readline.js:1160:36)
      at ReadStream.emit (events.js:311:20)
      at addChunk (_stream_readable.js:294:12)

npm manifest: 
  {
    "name": "express-app",
    "version": "0.0.0",
    "private": true,
    "scripts": {
      "start": "node ./bin/www"
    },
    "dependencies": {
      "cookie-parser": "~1.4.4",
      "debug": "~2.6.9",
      "ejs": "~2.6.1",
      "express": "~4.16.1",
      "http-errors": "~1.6.3",
      "morgan": "~1.9.1"
    },
    "main": "index.js",
    "license": "MIT"
  }

yarn manifest: 
  No manifest

Lockfile: 
  No lockfile
